
ROM used:   2271/8192 (28%)
            2976/8192 (36%) including unused fragments

            1.4 Average locations per line
            4.7 Average locations per statement

RAM used:   7/368 (2%) at main() level
            31/368 (8%) worst case

Stack used: 6 worst case (6 in main + 0 for interrupts)
Stack size: 8

Lines Stmts  %   Files
----- ----- ---  -----
  501   359  74  main.c
  671     0   0  ..\..\..\..\Program Files (x86)\PICC\Devices\16F877A.h
  456   100  21  ..\..\..\..\Program Files (x86)\PICC\Drivers\lcd.c
   48    24   5  communication.h
----- -----
 1676   483 Total

Page ROM  %  RAM   Vol Diff  Functions:
---- --- --- ---   --- ----  ----------
0     21   1    1             @delay_ms1
 Inline         3   760  4.5  lcd_read_byte
0     49   2    2   262  3.7  lcd_read_nibble
0     47   2    1   399  2.4  lcd_send_nibble
0    120   5    3   415  3.7  lcd_send_byte
0     88   4    6   852  6.2  lcd_init
0     18   1    4   208  6.3  lcd_gotoxy
0     44   2    1   354  4.7  lcd_putc
0     28   1    0   127  2.1  GoToZComplement
0     26   1    0   127  2.1  GoToNextX
0     30   1    0   127  2.1  nextTheta
0     22   1    0    86  1.3  keypadinit
0     27   1    1    67  1.2  ledcheck
0     50   2    0   248  1.8  lcdDisplayMenu
0      5   0    0   248  1.8  @const664
0     86   4    4             @PSTRINGC7_646
0      4   0    0             @const666
0      6   0    0             @const667
0      4   0    0             @const668
0    518  23    2  7094  5.7  keypadScan
1    928  41    1  5748  7.6  MAIN
0      6   0    0             @const692
0      1   0    0             @const693
0      1   0    0             @const694
0      6   0    0             @const695
0      6   0    0             @const696
0      6   0    0             @const697
0      3   0    0             @const699
0      4   0    0             @const700
0      6   0    0             @const701
0      3   0    0             @const703
0      4   0    0             @const704
0      6   0    0             @const705
0      3   0    0             @const707
0      4   0    0             @const708
0      6   0    0             @const709
0      8   0    0             @const710
0      6   0    0             @const711
0      1   0    0             @const713
0      3   0    0             @const714
0      1   0    0             @const715
0      4   0    0             @const716
0      6   0    0             @const717
0      1   0    0             @const719
0      3   0    0             @const720
0      1   0    0             @const721
0      4   0    0             @const722
0      6   0    0             @const723
0      1   0    0             @const725
0      3   0    0             @const726
0      1   0    0             @const727
0      4   0    0             @const728
0      3   0    0             @const729
0      3   0    0             @const730
0      3   0    0             @const731
0      3   0    0             @const732
0      3   0    0             @const733
0      3   0    0             @const734
0      3   0    0             @const735
0      3   0    0             @const736
0      3   0    0             @const737
0      1   0    0             @const738
 Inline         0             @cinit1

Program metrics:
    Functions               16
    Statements              483
    Comments                246
    Volume (V)              23867
    Difficulty (D)          55.7
    Effort to implement (E) 1329789
    Time to implement (T)   20 hours, 31 minutes
    Est Delivered Bugs (B)  4
    Cyclomatic Complexity   99
    Maintainability (MI)    66

 Segment     Used  Free
-----------  ----  ----
00000-00003     4  0  
00004-007FF  1339  705  
00800-00FFF   928  1120  
01000-017FF     0  2048  
01800-01FFF     0  2048  



